TN:
SF:src/modules/calls/services/CalculateCallCostService.ts
FN:16,(anonymous_18)
FN:17,CalculateCallCostService
FN:25,(anonymous_20)
FNF:3
FNH:3
FNDA:1,(anonymous_18)
FNDA:4,CalculateCallCostService
FNDA:4,(anonymous_20)
DA:1,1
DA:2,1
DA:4,1
DA:16,1
DA:19,4
DA:22,4
DA:25,1
DA:26,4
DA:27,4
DA:28,4
DA:29,4
DA:31,4
DA:33,4
DA:34,1
DA:37,3
DA:42,3
DA:43,1
DA:49,2
DA:51,2
DA:52,1
DA:58,1
DA:61,1
DA:62,1
DA:64,1
DA:69,1
LF:25
LH:25
BRDA:31,0,0,4
BRDA:33,1,0,1
BRDA:33,1,1,3
BRDA:42,2,0,1
BRDA:42,2,1,2
BRDA:51,3,0,1
BRDA:51,3,1,1
BRF:7
BRH:7
end_of_record
